<?xml version="1.0" encoding="UTF-8"?>
<testng-results ignored="0" total="2" passed="2" failed="0" skipped="0">
  <reporter-output>
  </reporter-output>
  <suite started-at="2022-02-26T22:20:52 IST" name="Default suite" finished-at="2022-02-26T22:21:19 IST" duration-ms="26853">
    <groups>
    </groups>
    <test started-at="2022-02-26T22:20:52 IST" name="Default test" finished-at="2022-02-26T22:21:19 IST" duration-ms="26853">
      <class name="com.JabaTalks.TestCases.TestCases">
        <test-method is-config="true" signature="Open_Browser()[pri:0, instance:com.JabaTalks.TestCases.TestCases@1f3f02ee]" started-at="2022-02-26T22:20:52 IST" name="Open_Browser" finished-at="2022-02-26T22:21:11 IST" duration-ms="19368" status="PASS">
          <reporter-output>
          </reporter-output>
        </test-method> <!-- Open_Browser -->
        <test-method signature="validateDropdownValues()[pri:1, instance:com.JabaTalks.TestCases.TestCases@1f3f02ee]" started-at="2022-02-26T22:21:11 IST" name="validateDropdownValues" finished-at="2022-02-26T22:21:12 IST" duration-ms="350" status="PASS">
          <reporter-output>
          </reporter-output>
        </test-method> <!-- validateDropdownValues -->
        <test-method signature="formFillup()[pri:2, instance:com.JabaTalks.TestCases.TestCases@1f3f02ee]" started-at="2022-02-26T22:21:12 IST" name="formFillup" finished-at="2022-02-26T22:21:18 IST" duration-ms="5985" status="PASS">
          <reporter-output>
          </reporter-output>
        </test-method> <!-- formFillup -->
        <test-method is-config="true" signature="Close_Browser()[pri:0, instance:com.JabaTalks.TestCases.TestCases@1f3f02ee]" started-at="2022-02-26T22:21:18 IST" name="Close_Browser" finished-at="2022-02-26T22:21:19 IST" duration-ms="1081" status="PASS">
          <reporter-output>
          </reporter-output>
        </test-method> <!-- Close_Browser -->
      </class> <!-- com.JabaTalks.TestCases.TestCases -->
    </test> <!-- Default test -->
  </suite> <!-- Default suite -->
</testng-results>
